

================================================================
== Vivado HLS Report for 'xtea'
================================================================
* Date:           Tue Aug 20 12:19:08 2019

* Version:        2019.1 (Build 2552052 on Fri May 24 15:28:33 MDT 2019)
* Project:        xtea
* Solution:       solution1
* Product family: zynq
* Target device:  xc7z020-clg400-1


================================================================
== Performance Estimates
================================================================
+ Timing (ns): 
    * Summary: 
    +--------+-------+----------+------------+
    |  Clock | Target| Estimated| Uncertainty|
    +--------+-------+----------+------------+
    |ap_clk  |  10.00|     8.582|        1.25|
    +--------+-------+----------+------------+

+ Latency (clock cycles): 
    * Summary: 
    +-----+-----+-----+-----+---------+
    |  Latency  |  Interval | Pipeline|
    | min | max | min | max |   Type  |
    +-----+-----+-----+-----+---------+
    |   98|   98|   98|   98|   none  |
    +-----+-----+-----+-----+---------+

    + Detail: 
        * Instance: 
        N/A

        * Loop: 
        +----------+-----+-----+----------+-----------+-----------+------+----------+
        |          |  Latency  | Iteration|  Initiation Interval  | Trip |          |
        | Loop Name| min | max |  Latency |  achieved |   target  | Count| Pipelined|
        +----------+-----+-----+----------+-----------+-----------+------+----------+
        |- Loop 1  |   96|   96|         3|          -|          -|    32|    no    |
        |- Loop 2  |   96|   96|         3|          -|          -|    32|    no    |
        +----------+-----+-----+----------+-----------+-----------+------+----------+



================================================================
== Utilization Estimates
================================================================
* Summary: 
+-----------------+---------+-------+--------+-------+-----+
|       Name      | BRAM_18K| DSP48E|   FF   |  LUT  | URAM|
+-----------------+---------+-------+--------+-------+-----+
|DSP              |        -|      -|       -|      -|    -|
|Expression       |        -|      -|       0|   2451|    -|
|FIFO             |        -|      -|       -|      -|    -|
|Instance         |        -|      -|       -|      -|    -|
|Memory           |        -|      -|       -|      -|    -|
|Multiplexer      |        -|      -|       -|    134|    -|
|Register         |        -|      -|    1332|      -|    -|
+-----------------+---------+-------+--------+-------+-----+
|Total            |        0|      0|    1332|   2585|    0|
+-----------------+---------+-------+--------+-------+-----+
|Available        |      280|    220|  106400|  53200|    0|
+-----------------+---------+-------+--------+-------+-----+
|Utilization (%)  |        0|      0|       1|      4|    0|
+-----------------+---------+-------+--------+-------+-----+

+ Detail: 
    * Instance: 
    N/A

    * DSP48E: 
    N/A

    * Memory: 
    N/A

    * FIFO: 
    N/A

    * Expression: 
    +-------------------------+----------+-------+---+----+------------+------------+
    |      Variable Name      | Operation| DSP48E| FF| LUT| Bitwidth P0| Bitwidth P1|
    +-------------------------+----------+-------+---+----+------------+------------+
    |add_ln30_1_fu_360_p2     |     +    |      0|  0|  71|          64|          64|
    |add_ln30_fu_350_p2       |     +    |      0|  0|  71|          64|          64|
    |add_ln32_1_fu_370_p2     |     +    |      0|  0|  17|          12|          13|
    |add_ln43_1_fu_502_p2     |     +    |      0|  0|  71|          64|          64|
    |add_ln43_fu_496_p2       |     +    |      0|  0|  71|          64|          64|
    |add_ln64_1_fu_639_p2     |     +    |      0|  0|  71|          64|          64|
    |add_ln64_fu_629_p2       |     +    |      0|  0|  71|          64|          64|
    |add_ln66_1_fu_649_p2     |     +    |      0|  0|  10|           2|           2|
    |add_ln77_1_fu_763_p2     |     +    |      0|  0|  71|          64|          64|
    |add_ln77_fu_757_p2       |     +    |      0|  0|  71|          64|          64|
    |i_2_fu_258_p2            |     +    |      0|  0|  15|           6|           1|
    |i_fu_523_p2              |     +    |      0|  0|  15|           6|           1|
    |sum_2_fu_460_p2          |     +    |      0|  0|  44|          32|          37|
    |sum_fu_721_p2            |     +    |      0|  0|  44|          33|          37|
    |v0_fu_454_p2             |     +    |      0|  0|  71|          64|          64|
    |v1_2_fu_511_p2           |     +    |      0|  0|  71|          64|          64|
    |v0_2_fu_772_p2           |     -    |      0|  0|  71|          64|          64|
    |v1_fu_715_p2             |     -    |      0|  0|  71|          64|          64|
    |and_ln23_fu_292_p2       |    and   |      0|  0|   2|           1|           1|
    |and_ln36_fu_418_p2       |    and   |      0|  0|   2|           1|           1|
    |and_ln57_fu_571_p2       |    and   |      0|  0|   2|           1|           1|
    |and_ln70_fu_679_p2       |    and   |      0|  0|   2|           1|           1|
    |icmp_ln19_fu_252_p2      |   icmp   |      0|  0|  11|           6|           7|
    |icmp_ln21_fu_268_p2      |   icmp   |      0|  0|   8|           2|           1|
    |icmp_ln23_fu_274_p2      |   icmp   |      0|  0|   8|           2|           1|
    |icmp_ln25_fu_280_p2      |   icmp   |      0|  0|   9|           2|           3|
    |icmp_ln34_fu_394_p2      |   icmp   |      0|  0|  13|          13|           1|
    |icmp_ln36_fu_400_p2      |   icmp   |      0|  0|  13|          13|          12|
    |icmp_ln38_fu_406_p2      |   icmp   |      0|  0|  13|          13|          14|
    |icmp_ln52_fu_517_p2      |   icmp   |      0|  0|  11|           6|           7|
    |icmp_ln55_fu_547_p2      |   icmp   |      0|  0|  13|          13|           1|
    |icmp_ln57_fu_553_p2      |   icmp   |      0|  0|  13|          13|          12|
    |icmp_ln59_fu_559_p2      |   icmp   |      0|  0|  13|          13|          14|
    |icmp_ln68_fu_655_p2      |   icmp   |      0|  0|   8|           2|           1|
    |icmp_ln70_fu_661_p2      |   icmp   |      0|  0|   8|           2|           1|
    |icmp_ln72_fu_667_p2      |   icmp   |      0|  0|   9|           2|           3|
    |or_ln23_fu_304_p2        |    or    |      0|  0|   2|           1|           1|
    |or_ln36_fu_430_p2        |    or    |      0|  0|   2|           1|           1|
    |or_ln57_fu_583_p2        |    or    |      0|  0|   2|           1|           1|
    |or_ln70_fu_691_p2        |    or    |      0|  0|   2|           1|           1|
    |select_ln23_1_fu_310_p3  |  select  |      0|  0|  64|           1|          64|
    |select_ln23_2_fu_316_p3  |  select  |      0|  0|  64|           1|          64|
    |select_ln23_fu_298_p3    |  select  |      0|  0|  64|           1|          64|
    |select_ln36_1_fu_436_p3  |  select  |      0|  0|  64|           1|          64|
    |select_ln36_2_fu_442_p3  |  select  |      0|  0|  64|           1|          64|
    |select_ln36_fu_424_p3    |  select  |      0|  0|  64|           1|          64|
    |select_ln57_1_fu_589_p3  |  select  |      0|  0|  64|           1|          64|
    |select_ln57_2_fu_595_p3  |  select  |      0|  0|  64|           1|          64|
    |select_ln57_fu_577_p3    |  select  |      0|  0|  64|           1|          64|
    |select_ln70_1_fu_697_p3  |  select  |      0|  0|  64|           1|          64|
    |select_ln70_2_fu_703_p3  |  select  |      0|  0|  64|           1|          64|
    |select_ln70_fu_685_p3    |  select  |      0|  0|  64|           1|          64|
    |xor_ln21_fu_286_p2       |    xor   |      0|  0|   2|           1|           2|
    |xor_ln30_1_fu_450_p2     |    xor   |      0|  0|  64|          64|          64|
    |xor_ln30_fu_344_p2       |    xor   |      0|  0|  64|          64|          64|
    |xor_ln34_fu_412_p2       |    xor   |      0|  0|   2|           1|           2|
    |xor_ln43_1_fu_507_p2     |    xor   |      0|  0|  64|          64|          64|
    |xor_ln43_fu_490_p2       |    xor   |      0|  0|  64|          64|          64|
    |xor_ln55_fu_565_p2       |    xor   |      0|  0|   2|           1|           2|
    |xor_ln64_1_fu_711_p2     |    xor   |      0|  0|  64|          64|          64|
    |xor_ln64_fu_623_p2       |    xor   |      0|  0|  64|          64|          64|
    |xor_ln68_fu_673_p2       |    xor   |      0|  0|   2|           1|           2|
    |xor_ln77_1_fu_768_p2     |    xor   |      0|  0|  64|          64|          64|
    |xor_ln77_fu_751_p2       |    xor   |      0|  0|  64|          64|          64|
    +-------------------------+----------+-------+---+----+------------+------------+
    |Total                    |          |      0|  0|2451|        1497|        2233|
    +-------------------------+----------+-------+---+----+------------+------------+

    * Multiplexer: 
    +---------------+----+-----------+-----+-----------+
    |      Name     | LUT| Input Size| Bits| Total Bits|
    +---------------+----+-----------+-----+-----------+
    |ap_NS_fsm      |  44|          9|    1|          9|
    |i_0_reg_154    |   9|          2|    6|         12|
    |i_1_reg_197    |   9|          2|    6|         12|
    |sum_0_reg_142  |   9|          2|   37|         74|
    |sum_1_reg_185  |   9|          2|   37|         74|
    |v0_0_reg_165   |   9|          2|   64|        128|
    |v0_1_reg_208   |   9|          2|   64|        128|
    |v0_3_reg_228   |   9|          2|   64|        128|
    |v1_0_reg_175   |   9|          2|   64|        128|
    |v1_1_reg_218   |   9|          2|   64|        128|
    |v1_3_reg_240   |   9|          2|   64|        128|
    +---------------+----+-----------+-----+-----------+
    |Total          | 134|         29|  471|        949|
    +---------------+----+-----------+-----+-----------+

    * Register: 
    +-----------------------+----+----+-----+-----------+
    |          Name         | FF | LUT| Bits| Const Bits|
    +-----------------------+----+----+-----+-----------+
    |add_ln30_1_reg_838     |  64|   0|   64|          0|
    |add_ln30_reg_833       |  64|   0|   64|          0|
    |add_ln43_1_reg_863     |  64|   0|   64|          0|
    |add_ln43_reg_858       |  64|   0|   64|          0|
    |add_ln64_1_reg_886     |  64|   0|   64|          0|
    |add_ln64_reg_881       |  64|   0|   64|          0|
    |add_ln77_1_reg_911     |  64|   0|   64|          0|
    |add_ln77_reg_906       |  64|   0|   64|          0|
    |ap_CS_fsm              |   8|   0|    8|          0|
    |i_0_reg_154            |   6|   0|    6|          0|
    |i_1_reg_197            |   6|   0|    6|          0|
    |i_2_reg_828            |   6|   0|    6|          0|
    |i_reg_876              |   6|   0|    6|          0|
    |select_ln36_2_reg_843  |  64|   0|   64|          0|
    |select_ln70_2_reg_891  |  64|   0|   64|          0|
    |sum_0_reg_142          |  37|   0|   37|          0|
    |sum_1_reg_185          |  37|   0|   37|          0|
    |sum_2_reg_853          |  37|   0|   37|          0|
    |sum_reg_901            |  37|   0|   37|          0|
    |v0_0_reg_165           |  64|   0|   64|          0|
    |v0_1_reg_208           |  64|   0|   64|          0|
    |v0_3_reg_228           |  64|   0|   64|          0|
    |v0_reg_848             |  64|   0|   64|          0|
    |v1_0_reg_175           |  64|   0|   64|          0|
    |v1_1_reg_218           |  64|   0|   64|          0|
    |v1_3_reg_240           |  64|   0|   64|          0|
    |v1_reg_896             |  64|   0|   64|          0|
    +-----------------------+----+----+-----+-----------+
    |Total                  |1332|   0| 1332|          0|
    +-----------------------+----+----+-----+-----------+



================================================================
== Interface
================================================================
* Summary: 
+----------------+-----+-----+------------+--------------+--------------+
|    RTL Ports   | Dir | Bits|  Protocol  | Source Object|    C Type    |
+----------------+-----+-----+------------+--------------+--------------+
|ap_clk          |  in |    1| ap_ctrl_hs |     xtea     | return value |
|ap_rst          |  in |    1| ap_ctrl_hs |     xtea     | return value |
|ap_start        |  in |    1| ap_ctrl_hs |     xtea     | return value |
|ap_done         | out |    1| ap_ctrl_hs |     xtea     | return value |
|ap_idle         | out |    1| ap_ctrl_hs |     xtea     | return value |
|ap_ready        | out |    1| ap_ctrl_hs |     xtea     | return value |
|word0           |  in |   64|   ap_none  |     word0    |    scalar    |
|word1           |  in |   64|   ap_none  |     word1    |    scalar    |
|key0            |  in |   64|   ap_none  |     key0     |    scalar    |
|key1            |  in |   64|   ap_none  |     key1     |    scalar    |
|key2            |  in |   64|   ap_none  |     key2     |    scalar    |
|key3            |  in |   64|   ap_none  |     key3     |    scalar    |
|mode            |  in |    1|   ap_none  |     mode     |    scalar    |
|result0         | out |   64|   ap_vld   |    result0   |    pointer   |
|result0_ap_vld  | out |    1|   ap_vld   |    result0   |    pointer   |
|result1         | out |   64|   ap_vld   |    result1   |    pointer   |
|result1_ap_vld  | out |    1|   ap_vld   |    result1   |    pointer   |
+----------------+-----+-----+------------+--------------+--------------+

